<?xml version="1.0" encoding="UTF-8"?>
<testng-results ignored="0" total="1" passed="1" failed="0" skipped="0">
  <reporter-output>
  </reporter-output>
  <suite started-at="٢٠٢٦-٠٨-١٥T٢٢:٥٠:١٨ IDT" name="Default suite" finished-at="٢٠٢٦-٠٨-١٥T٢٢:٥٠:٢١ IDT" duration-ms="2862">
    <groups>
    </groups>
    <test started-at="٢٠٢٦-٠٨-١٥T٢٢:٥٠:١٨ IDT" name="Default test" finished-at="٢٠٢٦-٠٨-١٥T٢٢:٥٠:٢١ IDT" duration-ms="2862">
      <class name="com.project.bank.system.login.RegisterTest">
        <test-method is-config="true" signature="initDriver()[pri:0, instance:com.project.bank.system.login.RegisterTest@2b662a77]" started-at="٢٠٢٦-٠٨-١٥T٢٢:٥٠:٠٥ IDT" name="initDriver" finished-at="٢٠٢٦-٠٨-١٥T٢٢:٥٠:١٨ IDT" duration-ms="13206" status="PASS">
          <reporter-output>
          </reporter-output>
        </test-method> <!-- initDriver -->
        <test-method signature="registerTesting(java.lang.String,java.lang.String,java.lang.String,java.lang.String,java.lang.String,java.lang.String,java.lang.String,java.lang.String,java.lang.String,java.lang.String,java.lang.String)[pri:0, instance:com.project.bank.system.login.RegisterTest@2b662a77]" started-at="٢٠٢٦-٠٨-١٥T٢٢:٥٠:١٨ IDT" name="registerTesting" description="TC-REG-01 -&gt; TC-REG-16" data-provider="registerData" finished-at="٢٠٢٦-٠٨-١٥T٢٢:٥٠:٢١ IDT" duration-ms="2792" status="PASS">
          <params>
            <param index="0">
              <value>
                <![CDATA[Jane]]>
              </value>
            </param>
            <param index="1">
              <value>
                <![CDATA[Doe]]>
              </value>
            </param>
            <param index="2">
              <value>
                <![CDATA[123 Main St]]>
              </value>
            </param>
            <param index="3">
              <value>
                <![CDATA[Springfield]]>
              </value>
            </param>
            <param index="4">
              <value>
                <![CDATA[IL]]>
              </value>
            </param>
            <param index="5">
              <value>
                <![CDATA[62701]]>
              </value>
            </param>
            <param index="6">
              <value>
                <![CDATA[5551234567]]>
              </value>
            </param>
            <param index="7">
              <value>
                <![CDATA[123-45-67890]]>
              </value>
            </param>
            <param index="8">
              <value>
                <![CDATA[janedoe_<timestamp>]]>
              </value>
            </param>
            <param index="9">
              <value>
                <![CDATA[Passw0rd!]]>
              </value>
            </param>
            <param index="10">
              <value>
                <![CDATA[Passw0rd!]]>
              </value>
            </param>
          </params>
          <reporter-output>
          </reporter-output>
        </test-method> <!-- registerTesting -->
        <test-method is-config="true" signature="tearDown()[pri:0, instance:com.project.bank.system.login.RegisterTest@2b662a77]" started-at="٢٠٢٦-٠٨-١٥T٢٢:٥٠:٢١ IDT" name="tearDown" finished-at="٢٠٢٦-٠٨-١٥T٢٢:٥٠:٢١ IDT" duration-ms="269" status="PASS">
          <reporter-output>
          </reporter-output>
        </test-method> <!-- tearDown -->
      </class> <!-- com.project.bank.system.login.RegisterTest -->
    </test> <!-- Default test -->
  </suite> <!-- Default suite -->
</testng-results>
