<?xml version="1.0" encoding="UTF-8"?>
<testng-results ignored="0" total="1" passed="1" failed="0" skipped="0">
  <reporter-output>
  </reporter-output>
  <suite started-at="٢٠٢٦-٠٨-٠١T١٤:٥٨:٢٤ IDT" name="Default suite" finished-at="٢٠٢٦-٠٨-٠١T١٤:٥٨:٢٥ IDT" duration-ms="1417">
    <groups>
    </groups>
    <test started-at="٢٠٢٦-٠٨-٠١T١٤:٥٨:٢٤ IDT" name="Default test" finished-at="٢٠٢٦-٠٨-٠١T١٤:٥٨:٢٥ IDT" duration-ms="1417">
      <class name="com.project.bank.system.login.LoginTest">
        <test-method is-config="true" signature="initDriver()[pri:0, instance:com.project.bank.system.login.LoginTest@6adbc9d]" started-at="٢٠٢٦-٠٨-٠١T١٤:٥٨:١٣ IDT" name="initDriver" finished-at="٢٠٢٦-٠٨-٠١T١٤:٥٨:٢٤ IDT" duration-ms="10407" status="PASS">
          <reporter-output>
          </reporter-output>
        </test-method> <!-- initDriver -->
        <test-method signature="loginTesting(java.lang.String,java.lang.String)[pri:0, instance:com.project.bank.system.login.LoginTest@6adbc9d]" started-at="٢٠٢٦-٠٨-٠١T١٤:٥٨:٢٤ IDT" name="loginTesting" data-provider="loginData" finished-at="٢٠٢٦-٠٨-٠١T١٤:٥٨:٢٥ IDT" duration-ms="1322" status="PASS">
          <params>
            <param index="0">
              <value>
                <![CDATA[john/]]>
              </value>
            </param>
            <param index="1">
              <value>
                <![CDATA[demo]]>
              </value>
            </param>
          </params>
          <reporter-output>
          </reporter-output>
        </test-method> <!-- loginTesting -->
        <test-method is-config="true" signature="tearDown()[pri:0, instance:com.project.bank.system.login.LoginTest@6adbc9d]" started-at="٢٠٢٦-٠٨-٠١T١٤:٥٨:٢٥ IDT" name="tearDown" finished-at="٢٠٢٦-٠٨-٠١T١٤:٥٨:٢٦ IDT" duration-ms="262" status="PASS">
          <reporter-output>
          </reporter-output>
        </test-method> <!-- tearDown -->
      </class> <!-- com.project.bank.system.login.LoginTest -->
    </test> <!-- Default test -->
  </suite> <!-- Default suite -->
</testng-results>
